<?xml version="1.0" encoding="UTF-8"?>
<!-- Generated by org.testng.reporters.JUnitReportReporter -->
<testsuite skipped="0" hostname="Ramesh-RR" name="com.xortraining.AppTest" tests="1" failures="0" timestamp="2020-11-26T17:17:15 IST" time="0.005" errors="0">
  <testcase name="shouldAnswerWithTrue" time="0.005" classname="com.xortraining.AppTest"/>
</testsuite> <!-- com.xortraining.AppTest -->
